<?xml version="1.0" encoding="UTF-8"?>
<testsuite xmlns:xsi="http://www.w3.org/2001/XMLSchema-instance" xsi:noNamespaceSchemaLocation="https://maven.apache.org/surefire/maven-surefire-plugin/xsd/surefire-test-report-3.0.xsd" version="3.0" name="CalculatorTest" time="0.571" tests="11" errors="0" skipped="0" failures="0">
  <properties>
    <property name="java.specification.version" value="21"/>
    <property name="sun.jnu.encoding" value="UTF-8"/>
    <property name="java.class.path" value="/Users/lewiskoua/Desktop/Projekte/UnitTest/untitled/target/test-classes:/Users/lewiskoua/Desktop/Projekte/UnitTest/untitled/target/classes:/Users/lewiskoua/.m2/repository/org/junit/platform/junit-platform-engine/1.10.1/junit-platform-engine-1.10.1.jar:/Users/lewiskoua/.m2/repository/org/opentest4j/opentest4j/1.3.0/opentest4j-1.3.0.jar:/Users/lewiskoua/.m2/repository/org/junit/platform/junit-platform-commons/1.10.1/junit-platform-commons-1.10.1.jar:/Users/lewiskoua/.m2/repository/org/apiguardian/apiguardian-api/1.1.2/apiguardian-api-1.1.2.jar:/Users/lewiskoua/.m2/repository/org/junit/jupiter/junit-jupiter/5.10.1/junit-jupiter-5.10.1.jar:/Users/lewiskoua/.m2/repository/org/junit/jupiter/junit-jupiter-params/5.10.1/junit-jupiter-params-5.10.1.jar:/Users/lewiskoua/.m2/repository/org/junit/jupiter/junit-jupiter-engine/5.10.1/junit-jupiter-engine-5.10.1.jar:/Users/lewiskoua/.m2/repository/org/junit/jupiter/junit-jupiter-api/5.10.1/junit-jupiter-api-5.10.1.jar:/Users/lewiskoua/.m2/repository/org/assertj/assertj-core/3.4.1/assertj-core-3.4.1.jar:"/>
    <property name="java.vm.vendor" value="Homebrew"/>
    <property name="sun.arch.data.model" value="64"/>
    <property name="java.vendor.url" value="https://github.com/Homebrew/homebrew-core/issues"/>
    <property name="os.name" value="Mac OS X"/>
    <property name="java.vm.specification.version" value="21"/>
    <property name="sun.java.launcher" value="SUN_STANDARD"/>
    <property name="user.country" value="CI"/>
    <property name="sun.boot.library.path" value="/usr/local/Cellar/openjdk/21.0.2/libexec/openjdk.jdk/Contents/Home/lib"/>
    <property name="sun.java.command" value="/Users/lewiskoua/Desktop/Projekte/UnitTest/untitled/target/surefire/surefirebooter-20240301225123791_3.jar /Users/lewiskoua/Desktop/Projekte/UnitTest/untitled/target/surefire 2024-03-01T22-51-23_625-jvmRun1 surefire-20240301225123791_1tmp surefire_0-20240301225123791_2tmp"/>
    <property name="jdk.debug" value="release"/>
    <property name="surefire.test.class.path" value="/Users/lewiskoua/Desktop/Projekte/UnitTest/untitled/target/test-classes:/Users/lewiskoua/Desktop/Projekte/UnitTest/untitled/target/classes:/Users/lewiskoua/.m2/repository/org/junit/platform/junit-platform-engine/1.10.1/junit-platform-engine-1.10.1.jar:/Users/lewiskoua/.m2/repository/org/opentest4j/opentest4j/1.3.0/opentest4j-1.3.0.jar:/Users/lewiskoua/.m2/repository/org/junit/platform/junit-platform-commons/1.10.1/junit-platform-commons-1.10.1.jar:/Users/lewiskoua/.m2/repository/org/apiguardian/apiguardian-api/1.1.2/apiguardian-api-1.1.2.jar:/Users/lewiskoua/.m2/repository/org/junit/jupiter/junit-jupiter/5.10.1/junit-jupiter-5.10.1.jar:/Users/lewiskoua/.m2/repository/org/junit/jupiter/junit-jupiter-params/5.10.1/junit-jupiter-params-5.10.1.jar:/Users/lewiskoua/.m2/repository/org/junit/jupiter/junit-jupiter-engine/5.10.1/junit-jupiter-engine-5.10.1.jar:/Users/lewiskoua/.m2/repository/org/junit/jupiter/junit-jupiter-api/5.10.1/junit-jupiter-api-5.10.1.jar:/Users/lewiskoua/.m2/repository/org/assertj/assertj-core/3.4.1/assertj-core-3.4.1.jar:"/>
    <property name="sun.cpu.endian" value="little"/>
    <property name="user.home" value="/Users/lewiskoua"/>
    <property name="user.language" value="de"/>
    <property name="java.specification.vendor" value="Oracle Corporation"/>
    <property name="java.version.date" value="2024-01-16"/>
    <property name="java.home" value="/usr/local/Cellar/openjdk/21.0.2/libexec/openjdk.jdk/Contents/Home"/>
    <property name="file.separator" value="/"/>
    <property name="basedir" value="/Users/lewiskoua/Desktop/Projekte/UnitTest/untitled"/>
    <property name="java.vm.compressedOopsMode" value="Zero based"/>
    <property name="line.separator" value="&#10;"/>
    <property name="java.specification.name" value="Java Platform API Specification"/>
    <property name="java.vm.specification.vendor" value="Oracle Corporation"/>
    <property name="apple.awt.application.name" value="ForkedBooter"/>
    <property name="surefire.real.class.path" value="/Users/lewiskoua/Desktop/Projekte/UnitTest/untitled/target/surefire/surefirebooter-20240301225123791_3.jar"/>
    <property name="sun.management.compiler" value="HotSpot 64-Bit Tiered Compilers"/>
    <property name="java.runtime.version" value="21.0.2"/>
    <property name="user.name" value="lewiskoua"/>
    <property name="stdout.encoding" value="UTF-8"/>
    <property name="path.separator" value=":"/>
    <property name="os.version" value="14.2"/>
    <property name="java.runtime.name" value="OpenJDK Runtime Environment"/>
    <property name="file.encoding" value="UTF-8"/>
    <property name="java.vm.name" value="OpenJDK 64-Bit Server VM"/>
    <property name="java.vendor.version" value="Homebrew"/>
    <property name="localRepository" value="/Users/lewiskoua/.m2/repository"/>
    <property name="java.vendor.url.bug" value="https://github.com/Homebrew/homebrew-core/issues"/>
    <property name="java.io.tmpdir" value="/var/folders/12/w9qb9hv13vg1g7vx98d4fjp00000gn/T/"/>
    <property name="java.version" value="21.0.2"/>
    <property name="user.dir" value="/Users/lewiskoua/Desktop/Projekte/UnitTest/untitled"/>
    <property name="os.arch" value="x86_64"/>
    <property name="java.vm.specification.name" value="Java Virtual Machine Specification"/>
    <property name="native.encoding" value="UTF-8"/>
    <property name="java.library.path" value="/Users/lewiskoua/Library/Java/Extensions:/Library/Java/Extensions:/Network/Library/Java/Extensions:/System/Library/Java/Extensions:/usr/lib/java:."/>
    <property name="java.vm.info" value="mixed mode, sharing"/>
    <property name="stderr.encoding" value="UTF-8"/>
    <property name="java.vendor" value="Homebrew"/>
    <property name="java.vm.version" value="21.0.2"/>
    <property name="sun.io.unicode.encoding" value="UnicodeBig"/>
    <property name="java.class.version" value="65.0"/>
  </properties>
  <testcase name="testAddTwoPositiveNumbers" classname="CalculatorTest" time="0.09">
    <system-out><![CDATA[Aufruf vor jedem Test
Aufruf vor dem Test
Aufruf nach jedem Test
]]></system-out>
  </testcase>
  <testcase name="testMultiplyTwoNumbers" classname="CalculatorTest" time="0.01">
    <system-out><![CDATA[Aufruf vor jedem Test
Aufruf vor dem Test
Aufruf nach jedem Test
]]></system-out>
  </testcase>
  <testcase name="multiply_shouldReturnNull_ofZeroWiithMultipleIntegers(int)[1]" classname="CalculatorTest" time="0.084">
    <system-out><![CDATA[Aufruf vor jedem Test
Aufruf vor dem Test
Aufruf nach jedem Test
]]></system-out>
  </testcase>
  <testcase name="multiply_shouldReturnNull_ofZeroWiithMultipleIntegers(int)[2]" classname="CalculatorTest" time="0.003">
    <system-out><![CDATA[Aufruf vor jedem Test
Aufruf vor dem Test
Aufruf nach jedem Test
]]></system-out>
  </testcase>
  <testcase name="multiply_shouldReturnNull_ofZeroWiithMultipleIntegers(int)[3]" classname="CalculatorTest" time="0.011">
    <system-out><![CDATA[Aufruf vor jedem Test
Aufruf vor dem Test
Aufruf nach jedem Test
]]></system-out>
  </testcase>
  <testcase name="multiply_shouldReturnNull_ofZeroWiithMultipleIntegers(int)[4]" classname="CalculatorTest" time="0.004">
    <system-out><![CDATA[Aufruf vor jedem Test
Aufruf vor dem Test
Aufruf nach jedem Test
]]></system-out>
  </testcase>
  <testcase name="multiply_shouldReturnNull_ofZeroWiithMultipleIntegers(int)[5]" classname="CalculatorTest" time="0.005">
    <system-out><![CDATA[Aufruf vor jedem Test
Aufruf vor dem Test
Aufruf nach jedem Test
]]></system-out>
  </testcase>
  <testcase name="add_shouldReturnTheSum_ofMultipleIntegers(int, int, int)[1]" classname="CalculatorTest" time="0.093">
    <system-out><![CDATA[Aufruf vor jedem Test
Aufruf vor dem Test
Aufruf nach jedem Test
]]></system-out>
  </testcase>
  <testcase name="add_shouldReturnTheSum_ofMultipleIntegers(int, int, int)[2]" classname="CalculatorTest" time="0.003">
    <system-out><![CDATA[Aufruf vor jedem Test
Aufruf vor dem Test
Aufruf nach jedem Test
]]></system-out>
  </testcase>
  <testcase name="add_shouldReturnTheSum_ofMultipleIntegers(int, int, int)[3]" classname="CalculatorTest" time="0.007">
    <system-out><![CDATA[Aufruf vor jedem Test
Aufruf vor dem Test
Aufruf nach jedem Test
]]></system-out>
  </testcase>
  <testcase name="listDigits_shouldReturnsTheListOfDigits_ofPositivInteger" classname="CalculatorTest" time="0.011">
    <system-out><![CDATA[Aufruf vor jedem Test
Aufruf vor dem Test
Aufruf nach jedem Test
]]></system-out>
  </testcase>
</testsuite>